Vivado Simulator 2016.1
Copyright 1986-1999, 2001-2016 Xilinx, Inc. All Rights Reserved.
Running: E:/Xilinx/Vivado/2016.1/bin/unwrapped/win64.o/xelab.exe -wto d9f945ff293f4c69af15d5690bea207d --debug typical --relax --mt 2 --maxdelay -L xil_defaultlib -L simprims_ver -L secureip --snapshot clock_time_synth -transport_int_delays -pulse_r 0 -pulse_int_r 0 xil_defaultlib.clock xil_defaultlib.glbl -log elaborate.log 
Using 2 slave threads.
Starting static elaboration
Completed static elaboration
Starting simulation data flow analysis
Completed simulation data flow analysis
INFO: [XSIM 43-3451] SDF backannotation process started with SDF file "clock_time_synth.sdf", for root module "clock".
INFO: [XSIM 43-3452] SDF backannotation was successful for SDF file "clock_time_synth.sdf", for root module "clock".
Time Resolution for simulation is 1ps
Compiling module simprims_ver.OBUF
Compiling module simprims_ver.CARRY4
Compiling module simprims_ver.LUT5
Compiling module simprims_ver.LUT4
Compiling module simprims_ver.LUT6
Compiling module simprims_ver.x_lut2_mux4
Compiling module simprims_ver.LUT2
Compiling module simprims_ver.sffsrce_fdre
Compiling module simprims_ver.FDRE
Compiling module simprims_ver.x_lut3_mux4
Compiling module simprims_ver.x_lut3_mux4_reduced_0
Compiling module simprims_ver.LUT3
Compiling module xil_defaultlib.bcpin
Compiling module simprims_ver.IBUF
Compiling module simprims_ver.BUFG
Compiling module simprims_ver.x_lut1_mux2
Compiling module simprims_ver.LUT1
Compiling module xil_defaultlib.ledtimer
Compiling module xil_defaultlib.refreshTimer
Compiling module simprims_ver.ffsrce_fdce
Compiling module simprims_ver.FDCE
Compiling module xil_defaultlib.secondsTimer
Compiling module xil_defaultlib.digits
Compiling module simprims_ver.latchsre_ldce
Compiling module simprims_ver.LDCE
Compiling module simprims_ver.ffsrce_fdpe
Compiling module simprims_ver.FDPE
Compiling module simprims_ver.latchsre_ldpe
Compiling module simprims_ver.LDPE
Compiling module xil_defaultlib.counter
Compiling module xil_defaultlib.clock
Compiling module xil_defaultlib.glbl
Built simulation snapshot clock_time_synth
